<?xml version="1.0" encoding="UTF-8"?>
<!-- Generated by org.testng.reporters.JUnitReportReporter -->
<testsuite hostname="Piyush" failures="0" tests="3" name="testcases.FacebookTest" time="18.749" errors="0" timestamp="22 Jun 2023 02:54:29 GMT" skipped="0">
  <testcase classname="testcases.FacebookTest" name="facebooklogintest" time="5.978"/>
  <testcase classname="testcases.FacebookTest" name="facebooklogintest" time="7.080"/>
  <testcase classname="testcases.FacebookTest" name="facebooklogintest" time="5.691"/>
</testsuite> <!-- testcases.FacebookTest -->
