<?xml version="1.0" encoding="UTF-8"?>
<!-- Generated by org.testng.reporters.JUnitReportReporter -->
<testsuite skipped="0" hostname="Piyush" name="testcases.RMTest" tests="3" failures="0" timestamp="16 Jun 2023 03:21:19 GMT" time="18.602" errors="0">
  <testcase name="rmlogin" time="5.716" classname="testcases.RMTest"/>
  <testcase name="rmlogin" time="6.221" classname="testcases.RMTest"/>
  <testcase name="rmlogin" time="6.665" classname="testcases.RMTest"/>
</testsuite> <!-- testcases.RMTest -->
