<?xml version="1.0" encoding="UTF-8"?>
<!-- Generated by org.testng.reporters.JUnitReportReporter -->
<testsuite skipped="0" hostname="Piyush" name="testcases.FacebookTest" tests="3" failures="0" timestamp="16 Jun 2023 03:21:19 GMT" time="31.162" errors="0">
  <testcase name="facebooklogintest" time="7.331" classname="testcases.FacebookTest"/>
  <testcase name="facebooklogintest" time="15.740" classname="testcases.FacebookTest"/>
  <testcase name="facebooklogintest" time="8.091" classname="testcases.FacebookTest"/>
</testsuite> <!-- testcases.FacebookTest -->
