<?xml version="1.0" encoding="UTF-8"?>
<!-- Generated by org.testng.reporters.JUnitReportReporter -->
<testsuite hostname="Piyush" failures="0" tests="3" name="testcases.RMTest" time="14.335" errors="0" timestamp="22 Jun 2023 02:54:29 GMT" skipped="0">
  <testcase classname="testcases.RMTest" name="rmlogin" time="4.642"/>
  <testcase classname="testcases.RMTest" name="rmlogin" time="4.818"/>
  <testcase classname="testcases.RMTest" name="rmlogin" time="4.875"/>
</testsuite> <!-- testcases.RMTest -->
