<?xml version="1.0" encoding="UTF-8"?>
<!-- Generated by org.testng.reporters.JUnitReportReporter -->
<testsuite hostname="Piyush" failures="0" tests="3" name="testcases.RMTest" time="14.771" errors="0" timestamp="2023-06-22T08:26:57 IST" skipped="0">
  <testcase classname="testcases.RMTest" name="rmlogin" time="5.537"/>
  <system-out/>
  <testcase classname="testcases.RMTest" name="rmlogin" time="4.527"/>
  <system-out/>
  <testcase classname="testcases.RMTest" name="rmlogin" time="4.707"/>
  <system-out/>
</testsuite> <!-- testcases.RMTest -->
