<?xml version="1.0" encoding="UTF-8"?>
<!-- Generated by org.testng.reporters.JUnitReportReporter -->
<testsuite hostname="Piyush" failures="0" tests="3" name="testcases.FacebookTest" time="33.748" errors="0" timestamp="2023-06-22T08:26:57 IST" skipped="0">
  <testcase classname="testcases.FacebookTest" name="facebooklogintest" time="7.199"/>
  <system-out/>
  <testcase classname="testcases.FacebookTest" name="facebooklogintest" time="14.688"/>
  <system-out/>
  <testcase classname="testcases.FacebookTest" name="facebooklogintest" time="11.861"/>
  <system-out/>
</testsuite> <!-- testcases.FacebookTest -->
